<?xml version="1.0" encoding="UTF-8"?>
<!-- Generated by org.testng.reporters.JUnitXMLReporter -->
<testsuite hostname="VIJAY-123" ignored="0" name="Default test" tests="3" failures="0" timestamp="2023-02-01T09:55:10 IST" time="13.737" errors="0">
  <testcase name="test" time="12.643" classname="TestScripts.TestScriptDDTTest"/>
  <testcase name="test" time="12.659" classname="TestScripts.TestScriptDDTTest"/>
  <testcase name="test" time="12.689" classname="TestScripts.TestScriptDDTTest"/>
</testsuite> <!-- Default test -->
