<?xml version="1.0" encoding="UTF-8"?>
<testng-results skipped="0" failed="0" ignored="0" total="3" passed="3">
  <reporter-output>
  </reporter-output>
  <suite name="Default suite" duration-ms="13737" started-at="2023-02-01T09:54:57 IST" finished-at="2023-02-01T09:55:10 IST">
    <groups>
    </groups>
    <test name="Default test" duration-ms="13737" started-at="2023-02-01T09:54:57 IST" finished-at="2023-02-01T09:55:10 IST">
      <class name="TestScripts.TestScriptDDTTest">
        <test-method status="PASS" signature="test(java.lang.String,java.lang.String)[pri:0, instance:TestScripts.TestScriptDDTTest@17d0685f]" name="test" duration-ms="12659" started-at="2023-02-01T09:54:58 IST" data-provider="Sampledata" finished-at="2023-02-01T09:55:10 IST">
          <params>
            <param index="0">
              <value>
                <![CDATA[Bhramha]]>
              </value>
            </param>
            <param index="1">
              <value>
                <![CDATA[saraswati]]>
              </value>
            </param>
          </params>
          <reporter-output>
          </reporter-output>
        </test-method> <!-- test -->
        <test-method status="PASS" signature="test(java.lang.String,java.lang.String)[pri:0, instance:TestScripts.TestScriptDDTTest@17d0685f]" name="test" duration-ms="12643" started-at="2023-02-01T09:54:58 IST" data-provider="Sampledata" finished-at="2023-02-01T09:55:10 IST">
          <params>
            <param index="0">
              <value>
                <![CDATA[Shiva]]>
              </value>
            </param>
            <param index="1">
              <value>
                <![CDATA[parvati]]>
              </value>
            </param>
          </params>
          <reporter-output>
          </reporter-output>
        </test-method> <!-- test -->
        <test-method status="PASS" signature="test(java.lang.String,java.lang.String)[pri:0, instance:TestScripts.TestScriptDDTTest@17d0685f]" name="test" duration-ms="12689" started-at="2023-02-01T09:54:58 IST" data-provider="Sampledata" finished-at="2023-02-01T09:55:10 IST">
          <params>
            <param index="0">
              <value>
                <![CDATA[Vishnu]]>
              </value>
            </param>
            <param index="1">
              <value>
                <![CDATA[laxmi]]>
              </value>
            </param>
          </params>
          <reporter-output>
          </reporter-output>
        </test-method> <!-- test -->
      </class> <!-- TestScripts.TestScriptDDTTest -->
    </test> <!-- Default test -->
  </suite> <!-- Default suite -->
</testng-results>
