<?xml version="1.0" encoding="UTF-8"?>
<testng-results skipped="0" failed="0" ignored="0" total="1" passed="1">
  <reporter-output>
  </reporter-output>
  <suite name="Default suite" duration-ms="11669" started-at="2023-02-02T10:16:05 IST" finished-at="2023-02-02T10:16:17 IST">
    <groups>
    </groups>
    <test name="Default test" duration-ms="11669" started-at="2023-02-02T10:16:05 IST" finished-at="2023-02-02T10:16:17 IST">
      <class name="TestScripts.HDpop_up">
        <test-method status="PASS" signature="test()[pri:0, instance:TestScripts.HDpop_up@7403c468]" name="test" duration-ms="11624" started-at="2023-02-02T10:16:05 IST" finished-at="2023-02-02T10:16:17 IST">
          <reporter-output>
          </reporter-output>
        </test-method> <!-- test -->
      </class> <!-- TestScripts.HDpop_up -->
    </test> <!-- Default test -->
  </suite> <!-- Default suite -->
</testng-results>
